{"/home/igor/Projetos/estagios-dash/estagios-dashboard/lib/date-utils.ts": {"path":"/home/igor/Projetos/estagios-dash/estagios-dashboard/lib/date-utils.ts","statementMap":{"0":{"start":{"line":16,"column":21},"end":{"line":16,"column":null}},"1":{"start":{"line":17,"column":25},"end":{"line":17,"column":null}},"2":{"start":{"line":20,"column":25},"end":{"line":20,"column":null}},"3":{"start":{"line":21,"column":2},"end":{"line":21,"column":null}},"4":{"start":{"line":24,"column":24},"end":{"line":24,"column":null}},"5":{"start":{"line":25,"column":2},"end":{"line":27,"column":null}},"6":{"start":{"line":26,"column":4},"end":{"line":26,"column":null}},"7":{"start":{"line":29,"column":2},"end":{"line":29,"column":null}},"8":{"start":{"line":36,"column":15},"end":{"line":36,"column":null}},"9":{"start":{"line":37,"column":16},"end":{"line":37,"column":null}},"10":{"start":{"line":38,"column":14},"end":{"line":38,"column":null}},"11":{"start":{"line":39,"column":2},"end":{"line":39,"column":null}},"12":{"start":{"line":46,"column":14},"end":{"line":46,"column":null}},"13":{"start":{"line":47,"column":16},"end":{"line":47,"column":null}},"14":{"start":{"line":48,"column":15},"end":{"line":48,"column":null}},"15":{"start":{"line":49,"column":2},"end":{"line":49,"column":null}},"16":{"start":{"line":56,"column":2},"end":{"line":56,"column":null}},"17":{"start":{"line":63,"column":17},"end":{"line":63,"column":null}},"18":{"start":{"line":64,"column":2},"end":{"line":64,"column":null}}},"fnMap":{"0":{"name":"getDataInscricao","decl":{"start":{"line":15,"column":16},"end":{"line":15,"column":33}},"loc":{"start":{"line":15,"column":88},"end":{"line":30,"column":null}},"line":15},"1":{"name":"formatDateToYYYYMMDD","decl":{"start":{"line":35,"column":16},"end":{"line":35,"column":37}},"loc":{"start":{"line":35,"column":57},"end":{"line":40,"column":null}},"line":35},"2":{"name":"formatDateToDDMMYYYY","decl":{"start":{"line":45,"column":16},"end":{"line":45,"column":37}},"loc":{"start":{"line":45,"column":57},"end":{"line":50,"column":null}},"line":45},"3":{"name":"isValidTimeFormat","decl":{"start":{"line":55,"column":16},"end":{"line":55,"column":34}},"loc":{"start":{"line":55,"column":57},"end":{"line":57,"column":null}},"line":55},"4":{"name":"daysBetween","decl":{"start":{"line":62,"column":16},"end":{"line":62,"column":28}},"loc":{"start":{"line":62,"column":62},"end":{"line":65,"column":null}},"line":62}},"branchMap":{"0":{"loc":{"start":{"line":15,"column":33},"end":{"line":15,"column":57}},"type":"default-arg","locations":[{"start":{"line":15,"column":45},"end":{"line":15,"column":57}}],"line":15},"1":{"loc":{"start":{"line":16,"column":21},"end":{"line":16,"column":null}},"type":"binary-expr","locations":[{"start":{"line":16,"column":21},"end":{"line":16,"column":44}},{"start":{"line":16,"column":44},"end":{"line":16,"column":null}}],"line":16},"2":{"loc":{"start":{"line":25,"column":2},"end":{"line":27,"column":null}},"type":"if","locations":[{"start":{"line":25,"column":2},"end":{"line":27,"column":null}},{"start":{},"end":{}}],"line":25}},"s":{"0":4,"1":4,"2":4,"3":4,"4":4,"5":4,"6":3,"7":4,"8":6,"9":6,"10":6,"11":6,"12":2,"13":2,"14":2,"15":2,"16":9,"17":3,"18":3},"f":{"0":4,"1":6,"2":2,"3":9,"4":3},"b":{"0":[4],"1":[4,1],"2":[3,1]},"meta":{"lastBranch":3,"lastFunction":5,"lastStatement":19,"seen":{"f:15:16:15:33":0,"b:15:45:15:57":0,"s:16:21:16:Infinity":0,"b:16:21:16:44:16:44:16:Infinity":1,"s:17:25:17:Infinity":1,"s:20:25:20:Infinity":2,"s:21:2:21:Infinity":3,"s:24:24:24:Infinity":4,"b:25:2:27:Infinity:undefined:undefined:undefined:undefined":2,"s:25:2:27:Infinity":5,"s:26:4:26:Infinity":6,"s:29:2:29:Infinity":7,"f:35:16:35:37":1,"s:36:15:36:Infinity":8,"s:37:16:37:Infinity":9,"s:38:14:38:Infinity":10,"s:39:2:39:Infinity":11,"f:45:16:45:37":2,"s:46:14:46:Infinity":12,"s:47:16:47:Infinity":13,"s:48:15:48:Infinity":14,"s:49:2:49:Infinity":15,"f:55:16:55:34":3,"s:56:2:56:Infinity":16,"f:62:16:62:28":4,"s:63:17:63:Infinity":17,"s:64:2:64:Infinity":18}}}
,"/home/igor/Projetos/estagios-dash/estagios-dashboard/lib/markdown-parser.ts": {"path":"/home/igor/Projetos/estagios-dash/estagios-dashboard/lib/markdown-parser.ts","statementMap":{"0":{"start":{"line":27,"column":33},"end":{"line":27,"column":null}},"1":{"start":{"line":30,"column":23},"end":{"line":33,"column":null}},"2":{"start":{"line":31,"column":18},"end":{"line":31,"column":null}},"3":{"start":{"line":32,"column":4},"end":{"line":32,"column":null}},"4":{"start":{"line":36,"column":24},"end":{"line":41,"column":null}},"5":{"start":{"line":37,"column":18},"end":{"line":37,"column":null}},"6":{"start":{"line":38,"column":4},"end":{"line":38,"column":null}},"7":{"start":{"line":38,"column":16},"end":{"line":38,"column":null}},"8":{"start":{"line":39,"column":16},"end":{"line":39,"column":null}},"9":{"start":{"line":40,"column":4},"end":{"line":40,"column":null}},"10":{"start":{"line":45,"column":4},"end":{"line":47,"column":null}},"11":{"start":{"line":48,"column":2},"end":{"line":48,"column":null}},"12":{"start":{"line":48,"column":15},"end":{"line":48,"column":null}},"13":{"start":{"line":52,"column":4},"end":{"line":55,"column":null}},"14":{"start":{"line":56,"column":2},"end":{"line":56,"column":null}},"15":{"start":{"line":56,"column":13},"end":{"line":56,"column":null}},"16":{"start":{"line":60,"column":4},"end":{"line":63,"column":null}},"17":{"start":{"line":64,"column":2},"end":{"line":64,"column":null}},"18":{"start":{"line":64,"column":13},"end":{"line":64,"column":null}},"19":{"start":{"line":67,"column":24},"end":{"line":67,"column":null}},"20":{"start":{"line":68,"column":2},"end":{"line":74,"column":null}},"21":{"start":{"line":69,"column":18},"end":{"line":69,"column":null}},"22":{"start":{"line":70,"column":4},"end":{"line":73,"column":null}},"23":{"start":{"line":71,"column":6},"end":{"line":71,"column":null}},"24":{"start":{"line":71,"column":26},"end":{"line":73,"column":null}},"25":{"start":{"line":72,"column":87},"end":{"line":72,"column":null}},"26":{"start":{"line":72,"column":107},"end":{"line":73,"column":null}},"27":{"start":{"line":73,"column":57},"end":{"line":73,"column":null}},"28":{"start":{"line":78,"column":4},"end":{"line":80,"column":null}},"29":{"start":{"line":81,"column":2},"end":{"line":81,"column":null}},"30":{"start":{"line":81,"column":32},"end":{"line":81,"column":null}},"31":{"start":{"line":85,"column":4},"end":{"line":86,"column":null}},"32":{"start":{"line":87,"column":2},"end":{"line":87,"column":null}},"33":{"start":{"line":87,"column":25},"end":{"line":87,"column":null}},"34":{"start":{"line":91,"column":4},"end":{"line":93,"column":null}},"35":{"start":{"line":94,"column":2},"end":{"line":94,"column":null}},"36":{"start":{"line":94,"column":13},"end":{"line":94,"column":null}},"37":{"start":{"line":97,"column":20},"end":{"line":97,"column":null}},"38":{"start":{"line":98,"column":2},"end":{"line":106,"column":null}},"39":{"start":{"line":99,"column":18},"end":{"line":99,"column":null}},"40":{"start":{"line":100,"column":4},"end":{"line":105,"column":null}},"41":{"start":{"line":100,"column":35},"end":{"line":100,"column":null}},"42":{"start":{"line":100,"column":51},"end":{"line":105,"column":null}},"43":{"start":{"line":102,"column":6},"end":{"line":102,"column":null}},"44":{"start":{"line":102,"column":22},"end":{"line":105,"column":null}},"45":{"start":{"line":103,"column":93},"end":{"line":103,"column":null}},"46":{"start":{"line":103,"column":109},"end":{"line":105,"column":null}},"47":{"start":{"line":105,"column":6},"end":{"line":105,"column":null}},"48":{"start":{"line":110,"column":4},"end":{"line":112,"column":null}},"49":{"start":{"line":114,"column":2},"end":{"line":116,"column":null}},"50":{"start":{"line":115,"column":4},"end":{"line":115,"column":null}},"51":{"start":{"line":118,"column":2},"end":{"line":118,"column":null}},"52":{"start":{"line":125,"column":2},"end":{"line":125,"column":null}},"53":{"start":{"line":132,"column":2},"end":{"line":135,"column":null}}},"fnMap":{"0":{"name":"parseVagaFromMarkdown","decl":{"start":{"line":26,"column":16},"end":{"line":26,"column":38}},"loc":{"start":{"line":26,"column":72},"end":{"line":119,"column":null}},"line":26},"1":{"name":"(anonymous_1)","decl":{"start":{"line":30,"column":23},"end":{"line":30,"column":24}},"loc":{"start":{"line":30,"column":64},"end":{"line":33,"column":null}},"line":30},"2":{"name":"(anonymous_2)","decl":{"start":{"line":36,"column":24},"end":{"line":36,"column":25}},"loc":{"start":{"line":36,"column":85},"end":{"line":41,"column":null}},"line":36},"3":{"name":"isMarkdownFile","decl":{"start":{"line":124,"column":16},"end":{"line":124,"column":31}},"loc":{"start":{"line":124,"column":58},"end":{"line":126,"column":null}},"line":124},"4":{"name":"sanitizeMarkdown","decl":{"start":{"line":131,"column":16},"end":{"line":131,"column":33}},"loc":{"start":{"line":131,"column":58},"end":{"line":136,"column":null}},"line":131}},"branchMap":{"0":{"loc":{"start":{"line":32,"column":11},"end":{"line":32,"column":null}},"type":"cond-expr","locations":[{"start":{"line":32,"column":19},"end":{"line":32,"column":37}},{"start":{"line":32,"column":37},"end":{"line":32,"column":null}}],"line":32},"1":{"loc":{"start":{"line":36,"column":42},"end":{"line":36,"column":51}},"type":"default-arg","locations":[{"start":{"line":36,"column":48},"end":{"line":36,"column":51}}],"line":36},"2":{"loc":{"start":{"line":36,"column":51},"end":{"line":36,"column":85}},"type":"default-arg","locations":[{"start":{"line":36,"column":57},"end":{"line":36,"column":85}}],"line":36},"3":{"loc":{"start":{"line":38,"column":4},"end":{"line":38,"column":null}},"type":"if","locations":[{"start":{"line":38,"column":4},"end":{"line":38,"column":null}},{"start":{},"end":{}}],"line":38},"4":{"loc":{"start":{"line":40,"column":11},"end":{"line":40,"column":null}},"type":"cond-expr","locations":[{"start":{"line":40,"column":60},"end":{"line":40,"column":66}},{"start":{"line":40,"column":66},"end":{"line":40,"column":null}}],"line":40},"5":{"loc":{"start":{"line":40,"column":11},"end":{"line":40,"column":60}},"type":"binary-expr","locations":[{"start":{"line":40,"column":11},"end":{"line":40,"column":33}},{"start":{"line":40,"column":33},"end":{"line":40,"column":47}},{"start":{"line":40,"column":47},"end":{"line":40,"column":60}}],"line":40},"6":{"loc":{"start":{"line":45,"column":4},"end":{"line":47,"column":null}},"type":"binary-expr","locations":[{"start":{"line":45,"column":4},"end":{"line":45,"column":null}},{"start":{"line":46,"column":4},"end":{"line":46,"column":null}},{"start":{"line":47,"column":4},"end":{"line":47,"column":null}}],"line":45},"7":{"loc":{"start":{"line":48,"column":2},"end":{"line":48,"column":null}},"type":"if","locations":[{"start":{"line":48,"column":2},"end":{"line":48,"column":null}},{"start":{},"end":{}}],"line":48},"8":{"loc":{"start":{"line":52,"column":4},"end":{"line":55,"column":null}},"type":"binary-expr","locations":[{"start":{"line":52,"column":4},"end":{"line":52,"column":null}},{"start":{"line":53,"column":4},"end":{"line":53,"column":null}},{"start":{"line":54,"column":4},"end":{"line":54,"column":null}},{"start":{"line":55,"column":4},"end":{"line":55,"column":null}}],"line":52},"9":{"loc":{"start":{"line":56,"column":2},"end":{"line":56,"column":null}},"type":"if","locations":[{"start":{"line":56,"column":2},"end":{"line":56,"column":null}},{"start":{},"end":{}}],"line":56},"10":{"loc":{"start":{"line":60,"column":4},"end":{"line":63,"column":null}},"type":"binary-expr","locations":[{"start":{"line":60,"column":4},"end":{"line":60,"column":null}},{"start":{"line":61,"column":4},"end":{"line":61,"column":null}},{"start":{"line":62,"column":4},"end":{"line":62,"column":null}},{"start":{"line":63,"column":4},"end":{"line":63,"column":null}}],"line":60},"11":{"loc":{"start":{"line":64,"column":2},"end":{"line":64,"column":null}},"type":"if","locations":[{"start":{"line":64,"column":2},"end":{"line":64,"column":null}},{"start":{},"end":{}}],"line":64},"12":{"loc":{"start":{"line":68,"column":2},"end":{"line":74,"column":null}},"type":"if","locations":[{"start":{"line":68,"column":2},"end":{"line":74,"column":null}},{"start":{},"end":{}}],"line":68},"13":{"loc":{"start":{"line":70,"column":4},"end":{"line":73,"column":null}},"type":"if","locations":[{"start":{"line":70,"column":4},"end":{"line":73,"column":null}},{"start":{"line":71,"column":26},"end":{"line":73,"column":null}}],"line":70},"14":{"loc":{"start":{"line":70,"column":8},"end":{"line":70,"column":null}},"type":"binary-expr","locations":[{"start":{"line":70,"column":8},"end":{"line":70,"column":40}},{"start":{"line":70,"column":40},"end":{"line":70,"column":69}},{"start":{"line":70,"column":69},"end":{"line":70,"column":93}},{"start":{"line":70,"column":93},"end":{"line":70,"column":null}}],"line":70},"15":{"loc":{"start":{"line":71,"column":26},"end":{"line":73,"column":null}},"type":"if","locations":[{"start":{"line":71,"column":26},"end":{"line":73,"column":null}},{"start":{"line":72,"column":107},"end":{"line":73,"column":null}}],"line":71},"16":{"loc":{"start":{"line":72,"column":13},"end":{"line":72,"column":87}},"type":"binary-expr","locations":[{"start":{"line":72,"column":13},"end":{"line":72,"column":41}},{"start":{"line":72,"column":41},"end":{"line":72,"column":65}},{"start":{"line":72,"column":65},"end":{"line":72,"column":87}}],"line":72},"17":{"loc":{"start":{"line":72,"column":107},"end":{"line":73,"column":null}},"type":"if","locations":[{"start":{"line":72,"column":107},"end":{"line":73,"column":null}},{"start":{},"end":{}}],"line":72},"18":{"loc":{"start":{"line":73,"column":13},"end":{"line":73,"column":57}},"type":"binary-expr","locations":[{"start":{"line":73,"column":13},"end":{"line":73,"column":36}},{"start":{"line":73,"column":36},"end":{"line":73,"column":57}}],"line":73},"19":{"loc":{"start":{"line":78,"column":4},"end":{"line":80,"column":null}},"type":"binary-expr","locations":[{"start":{"line":78,"column":4},"end":{"line":78,"column":null}},{"start":{"line":79,"column":4},"end":{"line":79,"column":null}},{"start":{"line":80,"column":4},"end":{"line":80,"column":null}}],"line":78},"20":{"loc":{"start":{"line":81,"column":2},"end":{"line":81,"column":null}},"type":"if","locations":[{"start":{"line":81,"column":2},"end":{"line":81,"column":null}},{"start":{},"end":{}}],"line":81},"21":{"loc":{"start":{"line":85,"column":4},"end":{"line":86,"column":null}},"type":"binary-expr","locations":[{"start":{"line":85,"column":4},"end":{"line":85,"column":null}},{"start":{"line":86,"column":4},"end":{"line":86,"column":null}}],"line":85},"22":{"loc":{"start":{"line":87,"column":2},"end":{"line":87,"column":null}},"type":"if","locations":[{"start":{"line":87,"column":2},"end":{"line":87,"column":null}},{"start":{},"end":{}}],"line":87},"23":{"loc":{"start":{"line":91,"column":4},"end":{"line":93,"column":null}},"type":"binary-expr","locations":[{"start":{"line":91,"column":4},"end":{"line":91,"column":null}},{"start":{"line":92,"column":4},"end":{"line":92,"column":null}},{"start":{"line":93,"column":4},"end":{"line":93,"column":null}}],"line":91},"24":{"loc":{"start":{"line":94,"column":2},"end":{"line":94,"column":null}},"type":"if","locations":[{"start":{"line":94,"column":2},"end":{"line":94,"column":null}},{"start":{},"end":{}}],"line":94},"25":{"loc":{"start":{"line":98,"column":2},"end":{"line":106,"column":null}},"type":"if","locations":[{"start":{"line":98,"column":2},"end":{"line":106,"column":null}},{"start":{},"end":{}}],"line":98},"26":{"loc":{"start":{"line":100,"column":4},"end":{"line":105,"column":null}},"type":"if","locations":[{"start":{"line":100,"column":4},"end":{"line":105,"column":null}},{"start":{"line":100,"column":51},"end":{"line":105,"column":null}}],"line":100},"27":{"loc":{"start":{"line":100,"column":51},"end":{"line":105,"column":null}},"type":"if","locations":[{"start":{"line":100,"column":51},"end":{"line":105,"column":null}},{"start":{"line":102,"column":22},"end":{"line":105,"column":null}}],"line":100},"28":{"loc":{"start":{"line":101,"column":13},"end":{"line":101,"column":null}},"type":"binary-expr","locations":[{"start":{"line":101,"column":13},"end":{"line":101,"column":39}},{"start":{"line":101,"column":39},"end":{"line":101,"column":70}},{"start":{"line":101,"column":70},"end":{"line":101,"column":null}}],"line":101},"29":{"loc":{"start":{"line":102,"column":22},"end":{"line":105,"column":null}},"type":"if","locations":[{"start":{"line":102,"column":22},"end":{"line":105,"column":null}},{"start":{"line":103,"column":109},"end":{"line":105,"column":null}}],"line":102},"30":{"loc":{"start":{"line":103,"column":13},"end":{"line":103,"column":93}},"type":"binary-expr","locations":[{"start":{"line":103,"column":13},"end":{"line":103,"column":40}},{"start":{"line":103,"column":40},"end":{"line":103,"column":68}},{"start":{"line":103,"column":68},"end":{"line":103,"column":93}}],"line":103},"31":{"loc":{"start":{"line":103,"column":109},"end":{"line":105,"column":null}},"type":"if","locations":[{"start":{"line":103,"column":109},"end":{"line":105,"column":null}},{"start":{},"end":{}}],"line":103},"32":{"loc":{"start":{"line":104,"column":13},"end":{"line":104,"column":null}},"type":"binary-expr","locations":[{"start":{"line":104,"column":13},"end":{"line":104,"column":42}},{"start":{"line":104,"column":42},"end":{"line":104,"column":70}},{"start":{"line":104,"column":70},"end":{"line":104,"column":null}}],"line":104},"33":{"loc":{"start":{"line":110,"column":4},"end":{"line":112,"column":null}},"type":"binary-expr","locations":[{"start":{"line":110,"column":4},"end":{"line":110,"column":null}},{"start":{"line":111,"column":4},"end":{"line":111,"column":null}},{"start":{"line":112,"column":4},"end":{"line":112,"column":null}}],"line":110},"34":{"loc":{"start":{"line":114,"column":2},"end":{"line":116,"column":null}},"type":"if","locations":[{"start":{"line":114,"column":2},"end":{"line":116,"column":null}},{"start":{},"end":{}}],"line":114}},"s":{"0":23,"1":23,"2":452,"3":452,"4":23,"5":101,"6":101,"7":89,"8":12,"9":12,"10":23,"11":23,"12":3,"13":23,"14":23,"15":2,"16":23,"17":23,"18":1,"19":23,"20":23,"21":4,"22":4,"23":1,"24":3,"25":1,"26":2,"27":2,"28":23,"29":23,"30":5,"31":23,"32":23,"33":5,"34":23,"35":23,"36":1,"37":23,"38":23,"39":7,"40":7,"41":1,"42":6,"43":2,"44":4,"45":2,"46":2,"47":2,"48":23,"49":23,"50":1,"51":23,"52":4,"53":3},"f":{"0":23,"1":452,"2":101,"3":4,"4":3},"b":{"0":[30,422],"1":[101],"2":[101],"3":[89,12],"4":[10,2],"5":[12,12,12],"6":[23,20,20],"7":[3,20],"8":[23,21,21,21],"9":[2,21],"10":[23,22,22,22],"11":[1,22],"12":[4,19],"13":[1,3],"14":[4,1,1,1],"15":[1,2],"16":[3,1,1],"17":[2,0],"18":[2,0],"19":[23,19,18],"20":[5,18],"21":[23,18],"22":[5,18],"23":[23,22,22],"24":[1,22],"25":[7,16],"26":[1,6],"27":[2,4],"28":[6,5,4],"29":[2,2],"30":[4,3,2],"31":[2,0],"32":[2,0,0],"33":[23,22,22],"34":[1,22]},"meta":{"lastBranch":35,"lastFunction":5,"lastStatement":54,"seen":{"f:26:16:26:38":0,"s:27:33:27:Infinity":0,"s:30:23:33:Infinity":1,"f:30:23:30:24":1,"s:31:18:31:Infinity":2,"s:32:4:32:Infinity":3,"b:32:19:32:37:32:37:32:Infinity":0,"s:36:24:41:Infinity":4,"f:36:24:36:25":2,"b:36:48:36:51":1,"b:36:57:36:85":2,"s:37:18:37:Infinity":5,"b:38:4:38:Infinity:undefined:undefined:undefined:undefined":3,"s:38:4:38:Infinity":6,"s:38:16:38:Infinity":7,"s:39:16:39:Infinity":8,"s:40:4:40:Infinity":9,"b:40:60:40:66:40:66:40:Infinity":4,"b:40:11:40:33:40:33:40:47:40:47:40:60":5,"s:45:4:47:Infinity":10,"b:45:4:45:Infinity:46:4:46:Infinity:47:4:47:Infinity":6,"b:48:2:48:Infinity:undefined:undefined:undefined:undefined":7,"s:48:2:48:Infinity":11,"s:48:15:48:Infinity":12,"s:52:4:55:Infinity":13,"b:52:4:52:Infinity:53:4:53:Infinity:54:4:54:Infinity:55:4:55:Infinity":8,"b:56:2:56:Infinity:undefined:undefined:undefined:undefined":9,"s:56:2:56:Infinity":14,"s:56:13:56:Infinity":15,"s:60:4:63:Infinity":16,"b:60:4:60:Infinity:61:4:61:Infinity:62:4:62:Infinity:63:4:63:Infinity":10,"b:64:2:64:Infinity:undefined:undefined:undefined:undefined":11,"s:64:2:64:Infinity":17,"s:64:13:64:Infinity":18,"s:67:24:67:Infinity":19,"b:68:2:74:Infinity:undefined:undefined:undefined:undefined":12,"s:68:2:74:Infinity":20,"s:69:18:69:Infinity":21,"b:70:4:73:Infinity:71:26:73:Infinity":13,"s:70:4:73:Infinity":22,"b:70:8:70:40:70:40:70:69:70:69:70:93:70:93:70:Infinity":14,"s:71:6:71:Infinity":23,"b:71:26:73:Infinity:72:107:73:Infinity":15,"s:71:26:73:Infinity":24,"b:72:13:72:41:72:41:72:65:72:65:72:87":16,"s:72:87:72:Infinity":25,"b:72:107:73:Infinity:undefined:undefined:undefined:undefined":17,"s:72:107:73:Infinity":26,"b:73:13:73:36:73:36:73:57":18,"s:73:57:73:Infinity":27,"s:78:4:80:Infinity":28,"b:78:4:78:Infinity:79:4:79:Infinity:80:4:80:Infinity":19,"b:81:2:81:Infinity:undefined:undefined:undefined:undefined":20,"s:81:2:81:Infinity":29,"s:81:32:81:Infinity":30,"s:85:4:86:Infinity":31,"b:85:4:85:Infinity:86:4:86:Infinity":21,"b:87:2:87:Infinity:undefined:undefined:undefined:undefined":22,"s:87:2:87:Infinity":32,"s:87:25:87:Infinity":33,"s:91:4:93:Infinity":34,"b:91:4:91:Infinity:92:4:92:Infinity:93:4:93:Infinity":23,"b:94:2:94:Infinity:undefined:undefined:undefined:undefined":24,"s:94:2:94:Infinity":35,"s:94:13:94:Infinity":36,"s:97:20:97:Infinity":37,"b:98:2:106:Infinity:undefined:undefined:undefined:undefined":25,"s:98:2:106:Infinity":38,"s:99:18:99:Infinity":39,"b:100:4:105:Infinity:100:51:105:Infinity":26,"s:100:4:105:Infinity":40,"s:100:35:100:Infinity":41,"b:100:51:105:Infinity:102:22:105:Infinity":27,"s:100:51:105:Infinity":42,"b:101:13:101:39:101:39:101:70:101:70:101:Infinity":28,"s:102:6:102:Infinity":43,"b:102:22:105:Infinity:103:109:105:Infinity":29,"s:102:22:105:Infinity":44,"b:103:13:103:40:103:40:103:68:103:68:103:93":30,"s:103:93:103:Infinity":45,"b:103:109:105:Infinity:undefined:undefined:undefined:undefined":31,"s:103:109:105:Infinity":46,"b:104:13:104:42:104:42:104:70:104:70:104:Infinity":32,"s:105:6:105:Infinity":47,"s:110:4:112:Infinity":48,"b:110:4:110:Infinity:111:4:111:Infinity:112:4:112:Infinity":33,"b:114:2:116:Infinity:undefined:undefined:undefined:undefined":34,"s:114:2:116:Infinity":49,"s:115:4:115:Infinity":50,"s:118:2:118:Infinity":51,"f:124:16:124:31":3,"s:125:2:125:Infinity":52,"f:131:16:131:33":4,"s:132:2:135:Infinity":53}}}
}
