{"/home/igor/Projetos/estagios-dash/estagios-dashboard/lib/date-utils.ts": {"path":"/home/igor/Projetos/estagios-dash/estagios-dashboard/lib/date-utils.ts","statementMap":{"0":{"start":{"line":13,"column":13},"end":{"line":13,"column":null}},"1":{"start":{"line":14,"column":2},"end":{"line":14,"column":null}},"2":{"start":{"line":21,"column":15},"end":{"line":21,"column":null}},"3":{"start":{"line":22,"column":16},"end":{"line":22,"column":null}},"4":{"start":{"line":23,"column":14},"end":{"line":23,"column":null}},"5":{"start":{"line":24,"column":2},"end":{"line":24,"column":null}},"6":{"start":{"line":31,"column":14},"end":{"line":31,"column":null}},"7":{"start":{"line":32,"column":16},"end":{"line":32,"column":null}},"8":{"start":{"line":33,"column":15},"end":{"line":33,"column":null}},"9":{"start":{"line":34,"column":2},"end":{"line":34,"column":null}},"10":{"start":{"line":41,"column":2},"end":{"line":41,"column":null}},"11":{"start":{"line":48,"column":17},"end":{"line":48,"column":null}},"12":{"start":{"line":49,"column":2},"end":{"line":49,"column":null}}},"fnMap":{"0":{"name":"getDataInscricao","decl":{"start":{"line":12,"column":16},"end":{"line":12,"column":33}},"loc":{"start":{"line":12,"column":72},"end":{"line":15,"column":null}},"line":12},"1":{"name":"formatDateToYYYYMMDD","decl":{"start":{"line":20,"column":16},"end":{"line":20,"column":37}},"loc":{"start":{"line":20,"column":57},"end":{"line":25,"column":null}},"line":20},"2":{"name":"formatDateToDDMMYYYY","decl":{"start":{"line":30,"column":16},"end":{"line":30,"column":37}},"loc":{"start":{"line":30,"column":57},"end":{"line":35,"column":null}},"line":30},"3":{"name":"isValidTimeFormat","decl":{"start":{"line":40,"column":16},"end":{"line":40,"column":34}},"loc":{"start":{"line":40,"column":57},"end":{"line":42,"column":null}},"line":40},"4":{"name":"daysBetween","decl":{"start":{"line":47,"column":16},"end":{"line":47,"column":28}},"loc":{"start":{"line":47,"column":62},"end":{"line":50,"column":null}},"line":47}},"branchMap":{"0":{"loc":{"start":{"line":13,"column":13},"end":{"line":13,"column":null}},"type":"binary-expr","locations":[{"start":{"line":13,"column":13},"end":{"line":13,"column":20}},{"start":{"line":13,"column":20},"end":{"line":13,"column":null}}],"line":13}},"s":{"0":9,"1":9,"2":12,"3":12,"4":12,"5":12,"6":3,"7":3,"8":3,"9":3,"10":15,"11":6,"12":6},"f":{"0":9,"1":12,"2":3,"3":15,"4":6},"b":{"0":[9,1]},"meta":{"lastBranch":1,"lastFunction":5,"lastStatement":13,"seen":{"f:12:16:12:33":0,"s:13:13:13:Infinity":0,"b:13:13:13:20:13:20:13:Infinity":0,"s:14:2:14:Infinity":1,"f:20:16:20:37":1,"s:21:15:21:Infinity":2,"s:22:16:22:Infinity":3,"s:23:14:23:Infinity":4,"s:24:2:24:Infinity":5,"f:30:16:30:37":2,"s:31:14:31:Infinity":6,"s:32:16:32:Infinity":7,"s:33:15:33:Infinity":8,"s:34:2:34:Infinity":9,"f:40:16:40:34":3,"s:41:2:41:Infinity":10,"f:47:16:47:28":4,"s:48:17:48:Infinity":11,"s:49:2:49:Infinity":12}}}
,"/home/igor/Projetos/estagios-dash/estagios-dashboard/lib/markdown-parser.ts": {"path":"/home/igor/Projetos/estagios-dash/estagios-dashboard/lib/markdown-parser.ts","statementMap":{"0":{"start":{"line":21,"column":47},"end":{"line":48,"column":null}},"1":{"start":{"line":54,"column":2},"end":{"line":59,"column":null}},"2":{"start":{"line":66,"column":41},"end":{"line":66,"column":null}},"3":{"start":{"line":69,"column":16},"end":{"line":69,"column":null}},"4":{"start":{"line":71,"column":2},"end":{"line":106,"column":null}},"5":{"start":{"line":73,"column":4},"end":{"line":73,"column":null}},"6":{"start":{"line":73,"column":68},"end":{"line":73,"column":null}},"7":{"start":{"line":76,"column":20},"end":{"line":79,"column":null}},"8":{"start":{"line":78,"column":20},"end":{"line":78,"column":30}},"9":{"start":{"line":79,"column":23},"end":{"line":79,"column":37}},"10":{"start":{"line":82,"column":4},"end":{"line":82,"column":null}},"11":{"start":{"line":82,"column":30},"end":{"line":82,"column":null}},"12":{"start":{"line":84,"column":21},"end":{"line":84,"column":null}},"13":{"start":{"line":85,"column":21},"end":{"line":85,"column":null}},"14":{"start":{"line":87,"column":4},"end":{"line":87,"column":null}},"15":{"start":{"line":87,"column":62},"end":{"line":87,"column":null}},"16":{"start":{"line":89,"column":21},"end":{"line":89,"column":null}},"17":{"start":{"line":90,"column":4},"end":{"line":90,"column":null}},"18":{"start":{"line":90,"column":18},"end":{"line":90,"column":null}},"19":{"start":{"line":93,"column":18},"end":{"line":93,"column":null}},"20":{"start":{"line":96,"column":4},"end":{"line":96,"column":null}},"21":{"start":{"line":96,"column":16},"end":{"line":96,"column":null}},"22":{"start":{"line":99,"column":28},"end":{"line":99,"column":null}},"23":{"start":{"line":102,"column":24},"end":{"line":102,"column":null}},"24":{"start":{"line":103,"column":4},"end":{"line":105,"column":null}},"25":{"start":{"line":104,"column":6},"end":{"line":104,"column":null}},"26":{"start":{"line":108,"column":2},"end":{"line":108,"column":null}},"27":{"start":{"line":121,"column":33},"end":{"line":121,"column":null}},"28":{"start":{"line":124,"column":22},"end":{"line":124,"column":null}},"29":{"start":{"line":127,"column":23},"end":{"line":139,"column":null}},"30":{"start":{"line":128,"column":18},"end":{"line":128,"column":null}},"31":{"start":{"line":129,"column":4},"end":{"line":129,"column":null}},"32":{"start":{"line":129,"column":16},"end":{"line":129,"column":null}},"33":{"start":{"line":132,"column":18},"end":{"line":135,"column":null}},"34":{"start":{"line":138,"column":4},"end":{"line":138,"column":null}},"35":{"start":{"line":142,"column":24},"end":{"line":147,"column":null}},"36":{"start":{"line":143,"column":18},"end":{"line":143,"column":null}},"37":{"start":{"line":144,"column":4},"end":{"line":144,"column":null}},"38":{"start":{"line":144,"column":16},"end":{"line":144,"column":null}},"39":{"start":{"line":145,"column":16},"end":{"line":145,"column":null}},"40":{"start":{"line":146,"column":4},"end":{"line":146,"column":null}},"41":{"start":{"line":150,"column":28},"end":{"line":186,"column":null}},"42":{"start":{"line":152,"column":20},"end":{"line":152,"column":null}},"43":{"start":{"line":153,"column":18},"end":{"line":153,"column":null}},"44":{"start":{"line":156,"column":4},"end":{"line":160,"column":null}},"45":{"start":{"line":157,"column":6},"end":{"line":157,"column":null}},"46":{"start":{"line":157,"column":36},"end":{"line":157,"column":null}},"47":{"start":{"line":158,"column":6},"end":{"line":158,"column":null}},"48":{"start":{"line":158,"column":66},"end":{"line":158,"column":null}},"49":{"start":{"line":159,"column":6},"end":{"line":159,"column":null}},"50":{"start":{"line":159,"column":40},"end":{"line":159,"column":null}},"51":{"start":{"line":163,"column":20},"end":{"line":163,"column":null}},"52":{"start":{"line":164,"column":26},"end":{"line":164,"column":null}},"53":{"start":{"line":165,"column":23},"end":{"line":165,"column":null}},"54":{"start":{"line":166,"column":17},"end":{"line":166,"column":null}},"55":{"start":{"line":167,"column":26},"end":{"line":167,"column":null}},"56":{"start":{"line":168,"column":22},"end":{"line":168,"column":null}},"57":{"start":{"line":171,"column":4},"end":{"line":171,"column":null}},"58":{"start":{"line":171,"column":66},"end":{"line":171,"column":null}},"59":{"start":{"line":173,"column":4},"end":{"line":176,"column":null}},"60":{"start":{"line":174,"column":6},"end":{"line":174,"column":null}},"61":{"start":{"line":174,"column":58},"end":{"line":174,"column":null}},"62":{"start":{"line":175,"column":6},"end":{"line":175,"column":null}},"63":{"start":{"line":178,"column":4},"end":{"line":178,"column":null}},"64":{"start":{"line":178,"column":23},"end":{"line":178,"column":null}},"65":{"start":{"line":181,"column":4},"end":{"line":181,"column":null}},"66":{"start":{"line":181,"column":31},"end":{"line":181,"column":null}},"67":{"start":{"line":183,"column":4},"end":{"line":183,"column":null}},"68":{"start":{"line":183,"column":23},"end":{"line":183,"column":null}},"69":{"start":{"line":185,"column":4},"end":{"line":185,"column":null}},"70":{"start":{"line":189,"column":24},"end":{"line":200,"column":null}},"71":{"start":{"line":191,"column":20},"end":{"line":191,"column":null}},"72":{"start":{"line":192,"column":18},"end":{"line":192,"column":null}},"73":{"start":{"line":194,"column":4},"end":{"line":194,"column":null}},"74":{"start":{"line":194,"column":35},"end":{"line":194,"column":null}},"75":{"start":{"line":195,"column":4},"end":{"line":195,"column":null}},"76":{"start":{"line":195,"column":93},"end":{"line":195,"column":null}},"77":{"start":{"line":196,"column":4},"end":{"line":196,"column":null}},"78":{"start":{"line":196,"column":88},"end":{"line":196,"column":null}},"79":{"start":{"line":197,"column":4},"end":{"line":197,"column":null}},"80":{"start":{"line":197,"column":91},"end":{"line":197,"column":null}},"81":{"start":{"line":199,"column":4},"end":{"line":199,"column":null}},"82":{"start":{"line":203,"column":22},"end":{"line":206,"column":null}},"83":{"start":{"line":204,"column":16},"end":{"line":204,"column":null}},"84":{"start":{"line":205,"column":4},"end":{"line":205,"column":null}},"85":{"start":{"line":210,"column":4},"end":{"line":213,"column":null}},"86":{"start":{"line":214,"column":2},"end":{"line":214,"column":null}},"87":{"start":{"line":214,"column":15},"end":{"line":214,"column":null}},"88":{"start":{"line":218,"column":4},"end":{"line":222,"column":null}},"89":{"start":{"line":223,"column":2},"end":{"line":223,"column":null}},"90":{"start":{"line":223,"column":13},"end":{"line":223,"column":null}},"91":{"start":{"line":227,"column":4},"end":{"line":231,"column":null}},"92":{"start":{"line":232,"column":2},"end":{"line":232,"column":null}},"93":{"start":{"line":232,"column":13},"end":{"line":232,"column":null}},"94":{"start":{"line":235,"column":24},"end":{"line":235,"column":null}},"95":{"start":{"line":236,"column":2},"end":{"line":239,"column":null}},"96":{"start":{"line":237,"column":22},"end":{"line":237,"column":null}},"97":{"start":{"line":238,"column":4},"end":{"line":238,"column":null}},"98":{"start":{"line":238,"column":19},"end":{"line":238,"column":null}},"99":{"start":{"line":242,"column":24},"end":{"line":242,"column":null}},"100":{"start":{"line":243,"column":8},"end":{"line":247,"column":null}},"101":{"start":{"line":248,"column":2},"end":{"line":248,"column":null}},"102":{"start":{"line":248,"column":32},"end":{"line":248,"column":null}},"103":{"start":{"line":251,"column":17},"end":{"line":251,"column":null}},"104":{"start":{"line":252,"column":8},"end":{"line":255,"column":null}},"105":{"start":{"line":256,"column":2},"end":{"line":256,"column":null}},"106":{"start":{"line":256,"column":25},"end":{"line":256,"column":null}},"107":{"start":{"line":260,"column":4},"end":{"line":263,"column":null}},"108":{"start":{"line":264,"column":2},"end":{"line":264,"column":null}},"109":{"start":{"line":264,"column":13},"end":{"line":264,"column":null}},"110":{"start":{"line":267,"column":20},"end":{"line":267,"column":null}},"111":{"start":{"line":268,"column":2},"end":{"line":271,"column":null}},"112":{"start":{"line":269,"column":22},"end":{"line":269,"column":null}},"113":{"start":{"line":270,"column":4},"end":{"line":270,"column":null}},"114":{"start":{"line":270,"column":19},"end":{"line":270,"column":null}},"115":{"start":{"line":274,"column":14},"end":{"line":274,"column":null}},"116":{"start":{"line":275,"column":2},"end":{"line":286,"column":null}},"117":{"start":{"line":276,"column":4},"end":{"line":276,"column":null}},"118":{"start":{"line":279,"column":6},"end":{"line":281,"column":null}},"119":{"start":{"line":283,"column":4},"end":{"line":285,"column":null}},"120":{"start":{"line":284,"column":6},"end":{"line":284,"column":null}},"121":{"start":{"line":288,"column":2},"end":{"line":288,"column":null}},"122":{"start":{"line":295,"column":2},"end":{"line":295,"column":null}},"123":{"start":{"line":302,"column":2},"end":{"line":305,"column":null}}},"fnMap":{"0":{"name":"normalizeFieldName","decl":{"start":{"line":53,"column":9},"end":{"line":53,"column":28}},"loc":{"start":{"line":53,"column":51},"end":{"line":60,"column":null}},"line":53},"1":{"name":"extractFromTable","decl":{"start":{"line":65,"column":9},"end":{"line":65,"column":26}},"loc":{"start":{"line":65,"column":68},"end":{"line":109,"column":null}},"line":65},"2":{"name":"(anonymous_2)","decl":{"start":{"line":78,"column":11},"end":{"line":78,"column":12}},"loc":{"start":{"line":78,"column":20},"end":{"line":78,"column":30}},"line":78},"3":{"name":"(anonymous_3)","decl":{"start":{"line":79,"column":14},"end":{"line":79,"column":15}},"loc":{"start":{"line":79,"column":23},"end":{"line":79,"column":37}},"line":79},"4":{"name":"parseVagaFromMarkdown","decl":{"start":{"line":120,"column":16},"end":{"line":120,"column":38}},"loc":{"start":{"line":120,"column":72},"end":{"line":289,"column":null}},"line":120},"5":{"name":"(anonymous_5)","decl":{"start":{"line":127,"column":23},"end":{"line":127,"column":24}},"loc":{"start":{"line":127,"column":64},"end":{"line":139,"column":null}},"line":127},"6":{"name":"(anonymous_6)","decl":{"start":{"line":142,"column":24},"end":{"line":142,"column":25}},"loc":{"start":{"line":142,"column":85},"end":{"line":147,"column":null}},"line":142},"7":{"name":"(anonymous_7)","decl":{"start":{"line":150,"column":28},"end":{"line":150,"column":29}},"loc":{"start":{"line":150,"column":96},"end":{"line":186,"column":null}},"line":150},"8":{"name":"(anonymous_8)","decl":{"start":{"line":189,"column":24},"end":{"line":189,"column":25}},"loc":{"start":{"line":189,"column":105},"end":{"line":200,"column":null}},"line":189},"9":{"name":"(anonymous_9)","decl":{"start":{"line":203,"column":22},"end":{"line":203,"column":23}},"loc":{"start":{"line":203,"column":81},"end":{"line":206,"column":null}},"line":203},"10":{"name":"isMarkdownFile","decl":{"start":{"line":294,"column":16},"end":{"line":294,"column":31}},"loc":{"start":{"line":294,"column":58},"end":{"line":296,"column":null}},"line":294},"11":{"name":"sanitizeMarkdown","decl":{"start":{"line":301,"column":16},"end":{"line":301,"column":33}},"loc":{"start":{"line":301,"column":58},"end":{"line":306,"column":null}},"line":301}},"branchMap":{"0":{"loc":{"start":{"line":73,"column":4},"end":{"line":73,"column":null}},"type":"if","locations":[{"start":{"line":73,"column":4},"end":{"line":73,"column":null}},{"start":{},"end":{}}],"line":73},"1":{"loc":{"start":{"line":73,"column":8},"end":{"line":73,"column":68}},"type":"binary-expr","locations":[{"start":{"line":73,"column":8},"end":{"line":73,"column":40}},{"start":{"line":73,"column":40},"end":{"line":73,"column":68}}],"line":73},"2":{"loc":{"start":{"line":82,"column":4},"end":{"line":82,"column":null}},"type":"if","locations":[{"start":{"line":82,"column":4},"end":{"line":82,"column":null}},{"start":{},"end":{}}],"line":82},"3":{"loc":{"start":{"line":87,"column":4},"end":{"line":87,"column":null}},"type":"if","locations":[{"start":{"line":87,"column":4},"end":{"line":87,"column":null}},{"start":{},"end":{}}],"line":87},"4":{"loc":{"start":{"line":87,"column":8},"end":{"line":87,"column":62}},"type":"binary-expr","locations":[{"start":{"line":87,"column":8},"end":{"line":87,"column":36}},{"start":{"line":87,"column":36},"end":{"line":87,"column":62}}],"line":87},"5":{"loc":{"start":{"line":89,"column":21},"end":{"line":89,"column":null}},"type":"binary-expr","locations":[{"start":{"line":89,"column":21},"end":{"line":89,"column":65}},{"start":{"line":89,"column":65},"end":{"line":89,"column":null}}],"line":89},"6":{"loc":{"start":{"line":90,"column":4},"end":{"line":90,"column":null}},"type":"if","locations":[{"start":{"line":90,"column":4},"end":{"line":90,"column":null}},{"start":{},"end":{}}],"line":90},"7":{"loc":{"start":{"line":96,"column":4},"end":{"line":96,"column":null}},"type":"if","locations":[{"start":{"line":96,"column":4},"end":{"line":96,"column":null}},{"start":{},"end":{}}],"line":96},"8":{"loc":{"start":{"line":103,"column":4},"end":{"line":105,"column":null}},"type":"if","locations":[{"start":{"line":103,"column":4},"end":{"line":105,"column":null}},{"start":{},"end":{}}],"line":103},"9":{"loc":{"start":{"line":129,"column":4},"end":{"line":129,"column":null}},"type":"if","locations":[{"start":{"line":129,"column":4},"end":{"line":129,"column":null}},{"start":{},"end":{}}],"line":129},"10":{"loc":{"start":{"line":138,"column":11},"end":{"line":138,"column":null}},"type":"cond-expr","locations":[{"start":{"line":138,"column":30},"end":{"line":138,"column":38}},{"start":{"line":138,"column":38},"end":{"line":138,"column":null}}],"line":138},"11":{"loc":{"start":{"line":142,"column":42},"end":{"line":142,"column":51}},"type":"default-arg","locations":[{"start":{"line":142,"column":48},"end":{"line":142,"column":51}}],"line":142},"12":{"loc":{"start":{"line":142,"column":51},"end":{"line":142,"column":85}},"type":"default-arg","locations":[{"start":{"line":142,"column":57},"end":{"line":142,"column":85}}],"line":142},"13":{"loc":{"start":{"line":144,"column":4},"end":{"line":144,"column":null}},"type":"if","locations":[{"start":{"line":144,"column":4},"end":{"line":144,"column":null}},{"start":{},"end":{}}],"line":144},"14":{"loc":{"start":{"line":146,"column":11},"end":{"line":146,"column":null}},"type":"cond-expr","locations":[{"start":{"line":146,"column":60},"end":{"line":146,"column":66}},{"start":{"line":146,"column":66},"end":{"line":146,"column":null}}],"line":146},"15":{"loc":{"start":{"line":146,"column":11},"end":{"line":146,"column":60}},"type":"binary-expr","locations":[{"start":{"line":146,"column":11},"end":{"line":146,"column":33}},{"start":{"line":146,"column":33},"end":{"line":146,"column":47}},{"start":{"line":146,"column":47},"end":{"line":146,"column":60}}],"line":146},"16":{"loc":{"start":{"line":156,"column":4},"end":{"line":160,"column":null}},"type":"if","locations":[{"start":{"line":156,"column":4},"end":{"line":160,"column":null}},{"start":{},"end":{}}],"line":156},"17":{"loc":{"start":{"line":156,"column":8},"end":{"line":156,"column":52}},"type":"binary-expr","locations":[{"start":{"line":156,"column":8},"end":{"line":156,"column":31}},{"start":{"line":156,"column":31},"end":{"line":156,"column":52}}],"line":156},"18":{"loc":{"start":{"line":157,"column":6},"end":{"line":157,"column":null}},"type":"if","locations":[{"start":{"line":157,"column":6},"end":{"line":157,"column":null}},{"start":{},"end":{}}],"line":157},"19":{"loc":{"start":{"line":158,"column":6},"end":{"line":158,"column":null}},"type":"if","locations":[{"start":{"line":158,"column":6},"end":{"line":158,"column":null}},{"start":{},"end":{}}],"line":158},"20":{"loc":{"start":{"line":158,"column":10},"end":{"line":158,"column":66}},"type":"binary-expr","locations":[{"start":{"line":158,"column":10},"end":{"line":158,"column":39}},{"start":{"line":158,"column":39},"end":{"line":158,"column":66}}],"line":158},"21":{"loc":{"start":{"line":159,"column":6},"end":{"line":159,"column":null}},"type":"if","locations":[{"start":{"line":159,"column":6},"end":{"line":159,"column":null}},{"start":{},"end":{}}],"line":159},"22":{"loc":{"start":{"line":163,"column":20},"end":{"line":163,"column":null}},"type":"binary-expr","locations":[{"start":{"line":163,"column":20},"end":{"line":163,"column":46}},{"start":{"line":163,"column":46},"end":{"line":163,"column":78}},{"start":{"line":163,"column":78},"end":{"line":163,"column":null}}],"line":163},"23":{"loc":{"start":{"line":164,"column":26},"end":{"line":164,"column":null}},"type":"binary-expr","locations":[{"start":{"line":164,"column":26},"end":{"line":164,"column":55}},{"start":{"line":164,"column":55},"end":{"line":164,"column":null}}],"line":164},"24":{"loc":{"start":{"line":171,"column":4},"end":{"line":171,"column":null}},"type":"if","locations":[{"start":{"line":171,"column":4},"end":{"line":171,"column":null}},{"start":{},"end":{}}],"line":171},"25":{"loc":{"start":{"line":171,"column":8},"end":{"line":171,"column":66}},"type":"binary-expr","locations":[{"start":{"line":171,"column":8},"end":{"line":171,"column":26}},{"start":{"line":171,"column":26},"end":{"line":171,"column":37}},{"start":{"line":171,"column":37},"end":{"line":171,"column":54}},{"start":{"line":171,"column":54},"end":{"line":171,"column":66}}],"line":171},"26":{"loc":{"start":{"line":173,"column":4},"end":{"line":176,"column":null}},"type":"if","locations":[{"start":{"line":173,"column":4},"end":{"line":176,"column":null}},{"start":{},"end":{}}],"line":173},"27":{"loc":{"start":{"line":174,"column":6},"end":{"line":174,"column":null}},"type":"if","locations":[{"start":{"line":174,"column":6},"end":{"line":174,"column":null}},{"start":{},"end":{}}],"line":174},"28":{"loc":{"start":{"line":174,"column":10},"end":{"line":174,"column":58}},"type":"binary-expr","locations":[{"start":{"line":174,"column":10},"end":{"line":174,"column":21}},{"start":{"line":174,"column":21},"end":{"line":174,"column":38}},{"start":{"line":174,"column":38},"end":{"line":174,"column":52}},{"start":{"line":174,"column":52},"end":{"line":174,"column":58}}],"line":174},"29":{"loc":{"start":{"line":178,"column":4},"end":{"line":178,"column":null}},"type":"if","locations":[{"start":{"line":178,"column":4},"end":{"line":178,"column":null}},{"start":{},"end":{}}],"line":178},"30":{"loc":{"start":{"line":181,"column":4},"end":{"line":181,"column":null}},"type":"if","locations":[{"start":{"line":181,"column":4},"end":{"line":181,"column":null}},{"start":{},"end":{}}],"line":181},"31":{"loc":{"start":{"line":181,"column":8},"end":{"line":181,"column":31}},"type":"binary-expr","locations":[{"start":{"line":181,"column":8},"end":{"line":181,"column":19}},{"start":{"line":181,"column":19},"end":{"line":181,"column":31}}],"line":181},"32":{"loc":{"start":{"line":183,"column":4},"end":{"line":183,"column":null}},"type":"if","locations":[{"start":{"line":183,"column":4},"end":{"line":183,"column":null}},{"start":{},"end":{}}],"line":183},"33":{"loc":{"start":{"line":194,"column":4},"end":{"line":194,"column":null}},"type":"if","locations":[{"start":{"line":194,"column":4},"end":{"line":194,"column":null}},{"start":{},"end":{}}],"line":194},"34":{"loc":{"start":{"line":195,"column":4},"end":{"line":195,"column":null}},"type":"if","locations":[{"start":{"line":195,"column":4},"end":{"line":195,"column":null}},{"start":{},"end":{}}],"line":195},"35":{"loc":{"start":{"line":195,"column":8},"end":{"line":195,"column":93}},"type":"binary-expr","locations":[{"start":{"line":195,"column":8},"end":{"line":195,"column":34}},{"start":{"line":195,"column":34},"end":{"line":195,"column":65}},{"start":{"line":195,"column":65},"end":{"line":195,"column":93}}],"line":195},"36":{"loc":{"start":{"line":196,"column":4},"end":{"line":196,"column":null}},"type":"if","locations":[{"start":{"line":196,"column":4},"end":{"line":196,"column":null}},{"start":{},"end":{}}],"line":196},"37":{"loc":{"start":{"line":196,"column":8},"end":{"line":196,"column":88}},"type":"binary-expr","locations":[{"start":{"line":196,"column":8},"end":{"line":196,"column":35}},{"start":{"line":196,"column":35},"end":{"line":196,"column":63}},{"start":{"line":196,"column":63},"end":{"line":196,"column":88}}],"line":196},"38":{"loc":{"start":{"line":197,"column":4},"end":{"line":197,"column":null}},"type":"if","locations":[{"start":{"line":197,"column":4},"end":{"line":197,"column":null}},{"start":{},"end":{}}],"line":197},"39":{"loc":{"start":{"line":197,"column":8},"end":{"line":197,"column":91}},"type":"binary-expr","locations":[{"start":{"line":197,"column":8},"end":{"line":197,"column":37}},{"start":{"line":197,"column":37},"end":{"line":197,"column":65}},{"start":{"line":197,"column":65},"end":{"line":197,"column":91}}],"line":197},"40":{"loc":{"start":{"line":203,"column":38},"end":{"line":203,"column":47}},"type":"default-arg","locations":[{"start":{"line":203,"column":44},"end":{"line":203,"column":47}}],"line":203},"41":{"loc":{"start":{"line":203,"column":47},"end":{"line":203,"column":81}},"type":"default-arg","locations":[{"start":{"line":203,"column":53},"end":{"line":203,"column":81}}],"line":203},"42":{"loc":{"start":{"line":205,"column":11},"end":{"line":205,"column":null}},"type":"cond-expr","locations":[{"start":{"line":205,"column":60},"end":{"line":205,"column":66}},{"start":{"line":205,"column":66},"end":{"line":205,"column":null}}],"line":205},"43":{"loc":{"start":{"line":205,"column":11},"end":{"line":205,"column":60}},"type":"binary-expr","locations":[{"start":{"line":205,"column":11},"end":{"line":205,"column":33}},{"start":{"line":205,"column":33},"end":{"line":205,"column":47}},{"start":{"line":205,"column":47},"end":{"line":205,"column":60}}],"line":205},"44":{"loc":{"start":{"line":210,"column":4},"end":{"line":213,"column":null}},"type":"binary-expr","locations":[{"start":{"line":210,"column":4},"end":{"line":210,"column":null}},{"start":{"line":211,"column":4},"end":{"line":211,"column":null}},{"start":{"line":212,"column":4},"end":{"line":212,"column":null}},{"start":{"line":213,"column":4},"end":{"line":213,"column":null}}],"line":210},"45":{"loc":{"start":{"line":214,"column":2},"end":{"line":214,"column":null}},"type":"if","locations":[{"start":{"line":214,"column":2},"end":{"line":214,"column":null}},{"start":{},"end":{}}],"line":214},"46":{"loc":{"start":{"line":218,"column":4},"end":{"line":222,"column":null}},"type":"binary-expr","locations":[{"start":{"line":218,"column":4},"end":{"line":218,"column":null}},{"start":{"line":219,"column":4},"end":{"line":219,"column":null}},{"start":{"line":220,"column":4},"end":{"line":220,"column":null}},{"start":{"line":221,"column":4},"end":{"line":221,"column":null}},{"start":{"line":222,"column":4},"end":{"line":222,"column":null}}],"line":218},"47":{"loc":{"start":{"line":223,"column":2},"end":{"line":223,"column":null}},"type":"if","locations":[{"start":{"line":223,"column":2},"end":{"line":223,"column":null}},{"start":{},"end":{}}],"line":223},"48":{"loc":{"start":{"line":227,"column":4},"end":{"line":231,"column":null}},"type":"binary-expr","locations":[{"start":{"line":227,"column":4},"end":{"line":227,"column":null}},{"start":{"line":228,"column":4},"end":{"line":228,"column":null}},{"start":{"line":229,"column":4},"end":{"line":229,"column":null}},{"start":{"line":230,"column":4},"end":{"line":230,"column":null}},{"start":{"line":231,"column":4},"end":{"line":231,"column":null}}],"line":227},"49":{"loc":{"start":{"line":232,"column":2},"end":{"line":232,"column":null}},"type":"if","locations":[{"start":{"line":232,"column":2},"end":{"line":232,"column":null}},{"start":{},"end":{}}],"line":232},"50":{"loc":{"start":{"line":235,"column":24},"end":{"line":235,"column":null}},"type":"binary-expr","locations":[{"start":{"line":235,"column":24},"end":{"line":235,"column":50}},{"start":{"line":235,"column":50},"end":{"line":235,"column":null}}],"line":235},"51":{"loc":{"start":{"line":236,"column":2},"end":{"line":239,"column":null}},"type":"if","locations":[{"start":{"line":236,"column":2},"end":{"line":239,"column":null}},{"start":{},"end":{}}],"line":236},"52":{"loc":{"start":{"line":238,"column":4},"end":{"line":238,"column":null}},"type":"if","locations":[{"start":{"line":238,"column":4},"end":{"line":238,"column":null}},{"start":{},"end":{}}],"line":238},"53":{"loc":{"start":{"line":243,"column":8},"end":{"line":247,"column":null}},"type":"binary-expr","locations":[{"start":{"line":244,"column":5},"end":{"line":244,"column":null}},{"start":{"line":245,"column":4},"end":{"line":245,"column":null}},{"start":{"line":246,"column":4},"end":{"line":246,"column":null}},{"start":{"line":247,"column":4},"end":{"line":247,"column":null}}],"line":243},"54":{"loc":{"start":{"line":248,"column":2},"end":{"line":248,"column":null}},"type":"if","locations":[{"start":{"line":248,"column":2},"end":{"line":248,"column":null}},{"start":{},"end":{}}],"line":248},"55":{"loc":{"start":{"line":252,"column":8},"end":{"line":255,"column":null}},"type":"binary-expr","locations":[{"start":{"line":253,"column":5},"end":{"line":253,"column":null}},{"start":{"line":254,"column":4},"end":{"line":254,"column":null}},{"start":{"line":255,"column":4},"end":{"line":255,"column":null}}],"line":252},"56":{"loc":{"start":{"line":256,"column":2},"end":{"line":256,"column":null}},"type":"if","locations":[{"start":{"line":256,"column":2},"end":{"line":256,"column":null}},{"start":{},"end":{}}],"line":256},"57":{"loc":{"start":{"line":260,"column":4},"end":{"line":263,"column":null}},"type":"binary-expr","locations":[{"start":{"line":260,"column":4},"end":{"line":260,"column":null}},{"start":{"line":261,"column":4},"end":{"line":261,"column":null}},{"start":{"line":262,"column":4},"end":{"line":262,"column":null}},{"start":{"line":263,"column":4},"end":{"line":263,"column":null}}],"line":260},"58":{"loc":{"start":{"line":264,"column":2},"end":{"line":264,"column":null}},"type":"if","locations":[{"start":{"line":264,"column":2},"end":{"line":264,"column":null}},{"start":{},"end":{}}],"line":264},"59":{"loc":{"start":{"line":267,"column":20},"end":{"line":267,"column":null}},"type":"binary-expr","locations":[{"start":{"line":267,"column":20},"end":{"line":267,"column":42}},{"start":{"line":267,"column":42},"end":{"line":267,"column":null}}],"line":267},"60":{"loc":{"start":{"line":268,"column":2},"end":{"line":271,"column":null}},"type":"if","locations":[{"start":{"line":268,"column":2},"end":{"line":271,"column":null}},{"start":{},"end":{}}],"line":268},"61":{"loc":{"start":{"line":270,"column":4},"end":{"line":270,"column":null}},"type":"if","locations":[{"start":{"line":270,"column":4},"end":{"line":270,"column":null}},{"start":{},"end":{}}],"line":270},"62":{"loc":{"start":{"line":275,"column":2},"end":{"line":286,"column":null}},"type":"if","locations":[{"start":{"line":275,"column":2},"end":{"line":286,"column":null}},{"start":{"line":277,"column":9},"end":{"line":286,"column":null}}],"line":275},"63":{"loc":{"start":{"line":279,"column":6},"end":{"line":281,"column":null}},"type":"binary-expr","locations":[{"start":{"line":279,"column":6},"end":{"line":279,"column":null}},{"start":{"line":280,"column":6},"end":{"line":280,"column":null}},{"start":{"line":281,"column":6},"end":{"line":281,"column":null}}],"line":279},"64":{"loc":{"start":{"line":283,"column":4},"end":{"line":285,"column":null}},"type":"if","locations":[{"start":{"line":283,"column":4},"end":{"line":285,"column":null}},{"start":{},"end":{}}],"line":283}},"s":{"0":1,"1":108,"2":78,"3":78,"4":78,"5":220,"6":150,"7":70,"8":282,"9":282,"10":70,"11":2,"12":68,"13":68,"14":68,"15":14,"16":54,"17":220,"18":14,"19":40,"20":40,"21":0,"22":40,"23":40,"24":40,"25":40,"26":78,"27":78,"28":78,"29":78,"30":1463,"31":1463,"32":1387,"33":76,"34":76,"35":78,"36":358,"37":358,"38":343,"39":15,"40":15,"41":78,"42":19,"43":19,"44":19,"45":3,"46":2,"47":1,"48":1,"49":0,"50":0,"51":16,"52":19,"53":19,"54":19,"55":19,"56":19,"57":19,"58":1,"59":15,"60":6,"61":3,"62":3,"63":9,"64":4,"65":5,"66":2,"67":3,"68":2,"69":1,"70":78,"71":25,"72":25,"73":25,"74":3,"75":22,"76":6,"77":16,"78":6,"79":10,"80":9,"81":1,"82":78,"83":8,"84":8,"85":78,"86":78,"87":16,"88":78,"89":78,"90":16,"91":78,"92":78,"93":10,"94":78,"95":78,"96":19,"97":19,"98":18,"99":78,"100":78,"101":78,"102":11,"103":78,"104":78,"105":78,"106":8,"107":78,"108":78,"109":4,"110":78,"111":78,"112":25,"113":25,"114":24,"115":78,"116":78,"117":2,"118":76,"119":76,"120":3,"121":78,"122":4,"123":3},"f":{"0":108,"1":78,"2":282,"3":282,"4":78,"5":1463,"6":358,"7":19,"8":25,"9":8,"10":4,"11":3},"b":{"0":[150,70],"1":[220,70],"2":[2,68],"3":[14,54],"4":[68,54],"5":[54,14],"6":[14,206],"7":[0,40],"8":[40,0],"9":[1387,76],"10":[75,1],"11":[358],"12":[358],"13":[343,15],"14":[13,2],"15":[15,15,15],"16":[3,16],"17":[19,18],"18":[2,1],"19":[1,0],"20":[1,0],"21":[0,0],"22":[16,13,13],"23":[19,11],"24":[1,18],"25":[19,3,2,2],"26":[6,9],"27":[3,3],"28":[6,5,4,3],"29":[4,5],"30":[2,3],"31":[5,4],"32":[2,1],"33":[3,22],"34":[6,16],"35":[22,19,18],"36":[6,10],"37":[16,14,11],"38":[9,1],"39":[10,4,2],"40":[8],"41":[8],"42":[6,2],"43":[8,8,8],"44":[78,71,62,62],"45":[16,62],"46":[78,72,64,62,62],"47":[16,62],"48":[78,74,69,69,68],"49":[10,68],"50":[78,75],"51":[19,59],"52":[18,1],"53":[78,75,70,68],"54":[11,67],"55":[78,75,70],"56":[8,70],"57":[78,76,75,74],"58":[4,74],"59":[78,70],"60":[25,53],"61":[24,1],"62":[2,76],"63":[76,74,73],"64":[3,73]},"meta":{"lastBranch":65,"lastFunction":12,"lastStatement":124,"seen":{"s:21:47:48:Infinity":0,"f:53:9:53:28":0,"s:54:2:59:Infinity":1,"f:65:9:65:26":1,"s:66:41:66:Infinity":2,"s:69:16:69:Infinity":3,"s:71:2:106:Infinity":4,"b:73:4:73:Infinity:undefined:undefined:undefined:undefined":0,"s:73:4:73:Infinity":5,"b:73:8:73:40:73:40:73:68":1,"s:73:68:73:Infinity":6,"s:76:20:79:Infinity":7,"f:78:11:78:12":2,"s:78:20:78:30":8,"f:79:14:79:15":3,"s:79:23:79:37":9,"b:82:4:82:Infinity:undefined:undefined:undefined:undefined":2,"s:82:4:82:Infinity":10,"s:82:30:82:Infinity":11,"s:84:21:84:Infinity":12,"s:85:21:85:Infinity":13,"b:87:4:87:Infinity:undefined:undefined:undefined:undefined":3,"s:87:4:87:Infinity":14,"b:87:8:87:36:87:36:87:62":4,"s:87:62:87:Infinity":15,"s:89:21:89:Infinity":16,"b:89:21:89:65:89:65:89:Infinity":5,"b:90:4:90:Infinity:undefined:undefined:undefined:undefined":6,"s:90:4:90:Infinity":17,"s:90:18:90:Infinity":18,"s:93:18:93:Infinity":19,"b:96:4:96:Infinity:undefined:undefined:undefined:undefined":7,"s:96:4:96:Infinity":20,"s:96:16:96:Infinity":21,"s:99:28:99:Infinity":22,"s:102:24:102:Infinity":23,"b:103:4:105:Infinity:undefined:undefined:undefined:undefined":8,"s:103:4:105:Infinity":24,"s:104:6:104:Infinity":25,"s:108:2:108:Infinity":26,"f:120:16:120:38":4,"s:121:33:121:Infinity":27,"s:124:22:124:Infinity":28,"s:127:23:139:Infinity":29,"f:127:23:127:24":5,"s:128:18:128:Infinity":30,"b:129:4:129:Infinity:undefined:undefined:undefined:undefined":9,"s:129:4:129:Infinity":31,"s:129:16:129:Infinity":32,"s:132:18:135:Infinity":33,"s:138:4:138:Infinity":34,"b:138:30:138:38:138:38:138:Infinity":10,"s:142:24:147:Infinity":35,"f:142:24:142:25":6,"b:142:48:142:51":11,"b:142:57:142:85":12,"s:143:18:143:Infinity":36,"b:144:4:144:Infinity:undefined:undefined:undefined:undefined":13,"s:144:4:144:Infinity":37,"s:144:16:144:Infinity":38,"s:145:16:145:Infinity":39,"s:146:4:146:Infinity":40,"b:146:60:146:66:146:66:146:Infinity":14,"b:146:11:146:33:146:33:146:47:146:47:146:60":15,"s:150:28:186:Infinity":41,"f:150:28:150:29":7,"s:152:20:152:Infinity":42,"s:153:18:153:Infinity":43,"b:156:4:160:Infinity:undefined:undefined:undefined:undefined":16,"s:156:4:160:Infinity":44,"b:156:8:156:31:156:31:156:52":17,"b:157:6:157:Infinity:undefined:undefined:undefined:undefined":18,"s:157:6:157:Infinity":45,"s:157:36:157:Infinity":46,"b:158:6:158:Infinity:undefined:undefined:undefined:undefined":19,"s:158:6:158:Infinity":47,"b:158:10:158:39:158:39:158:66":20,"s:158:66:158:Infinity":48,"b:159:6:159:Infinity:undefined:undefined:undefined:undefined":21,"s:159:6:159:Infinity":49,"s:159:40:159:Infinity":50,"s:163:20:163:Infinity":51,"b:163:20:163:46:163:46:163:78:163:78:163:Infinity":22,"s:164:26:164:Infinity":52,"b:164:26:164:55:164:55:164:Infinity":23,"s:165:23:165:Infinity":53,"s:166:17:166:Infinity":54,"s:167:26:167:Infinity":55,"s:168:22:168:Infinity":56,"b:171:4:171:Infinity:undefined:undefined:undefined:undefined":24,"s:171:4:171:Infinity":57,"b:171:8:171:26:171:26:171:37:171:37:171:54:171:54:171:66":25,"s:171:66:171:Infinity":58,"b:173:4:176:Infinity:undefined:undefined:undefined:undefined":26,"s:173:4:176:Infinity":59,"b:174:6:174:Infinity:undefined:undefined:undefined:undefined":27,"s:174:6:174:Infinity":60,"b:174:10:174:21:174:21:174:38:174:38:174:52:174:52:174:58":28,"s:174:58:174:Infinity":61,"s:175:6:175:Infinity":62,"b:178:4:178:Infinity:undefined:undefined:undefined:undefined":29,"s:178:4:178:Infinity":63,"s:178:23:178:Infinity":64,"b:181:4:181:Infinity:undefined:undefined:undefined:undefined":30,"s:181:4:181:Infinity":65,"b:181:8:181:19:181:19:181:31":31,"s:181:31:181:Infinity":66,"b:183:4:183:Infinity:undefined:undefined:undefined:undefined":32,"s:183:4:183:Infinity":67,"s:183:23:183:Infinity":68,"s:185:4:185:Infinity":69,"s:189:24:200:Infinity":70,"f:189:24:189:25":8,"s:191:20:191:Infinity":71,"s:192:18:192:Infinity":72,"b:194:4:194:Infinity:undefined:undefined:undefined:undefined":33,"s:194:4:194:Infinity":73,"s:194:35:194:Infinity":74,"b:195:4:195:Infinity:undefined:undefined:undefined:undefined":34,"s:195:4:195:Infinity":75,"b:195:8:195:34:195:34:195:65:195:65:195:93":35,"s:195:93:195:Infinity":76,"b:196:4:196:Infinity:undefined:undefined:undefined:undefined":36,"s:196:4:196:Infinity":77,"b:196:8:196:35:196:35:196:63:196:63:196:88":37,"s:196:88:196:Infinity":78,"b:197:4:197:Infinity:undefined:undefined:undefined:undefined":38,"s:197:4:197:Infinity":79,"b:197:8:197:37:197:37:197:65:197:65:197:91":39,"s:197:91:197:Infinity":80,"s:199:4:199:Infinity":81,"s:203:22:206:Infinity":82,"f:203:22:203:23":9,"b:203:44:203:47":40,"b:203:53:203:81":41,"s:204:16:204:Infinity":83,"s:205:4:205:Infinity":84,"b:205:60:205:66:205:66:205:Infinity":42,"b:205:11:205:33:205:33:205:47:205:47:205:60":43,"s:210:4:213:Infinity":85,"b:210:4:210:Infinity:211:4:211:Infinity:212:4:212:Infinity:213:4:213:Infinity":44,"b:214:2:214:Infinity:undefined:undefined:undefined:undefined":45,"s:214:2:214:Infinity":86,"s:214:15:214:Infinity":87,"s:218:4:222:Infinity":88,"b:218:4:218:Infinity:219:4:219:Infinity:220:4:220:Infinity:221:4:221:Infinity:222:4:222:Infinity":46,"b:223:2:223:Infinity:undefined:undefined:undefined:undefined":47,"s:223:2:223:Infinity":89,"s:223:13:223:Infinity":90,"s:227:4:231:Infinity":91,"b:227:4:227:Infinity:228:4:228:Infinity:229:4:229:Infinity:230:4:230:Infinity:231:4:231:Infinity":48,"b:232:2:232:Infinity:undefined:undefined:undefined:undefined":49,"s:232:2:232:Infinity":92,"s:232:13:232:Infinity":93,"s:235:24:235:Infinity":94,"b:235:24:235:50:235:50:235:Infinity":50,"b:236:2:239:Infinity:undefined:undefined:undefined:undefined":51,"s:236:2:239:Infinity":95,"s:237:22:237:Infinity":96,"b:238:4:238:Infinity:undefined:undefined:undefined:undefined":52,"s:238:4:238:Infinity":97,"s:238:19:238:Infinity":98,"s:242:24:242:Infinity":99,"s:243:8:247:Infinity":100,"b:244:5:244:Infinity:245:4:245:Infinity:246:4:246:Infinity:247:4:247:Infinity":53,"b:248:2:248:Infinity:undefined:undefined:undefined:undefined":54,"s:248:2:248:Infinity":101,"s:248:32:248:Infinity":102,"s:251:17:251:Infinity":103,"s:252:8:255:Infinity":104,"b:253:5:253:Infinity:254:4:254:Infinity:255:4:255:Infinity":55,"b:256:2:256:Infinity:undefined:undefined:undefined:undefined":56,"s:256:2:256:Infinity":105,"s:256:25:256:Infinity":106,"s:260:4:263:Infinity":107,"b:260:4:260:Infinity:261:4:261:Infinity:262:4:262:Infinity:263:4:263:Infinity":57,"b:264:2:264:Infinity:undefined:undefined:undefined:undefined":58,"s:264:2:264:Infinity":108,"s:264:13:264:Infinity":109,"s:267:20:267:Infinity":110,"b:267:20:267:42:267:42:267:Infinity":59,"b:268:2:271:Infinity:undefined:undefined:undefined:undefined":60,"s:268:2:271:Infinity":111,"s:269:22:269:Infinity":112,"b:270:4:270:Infinity:undefined:undefined:undefined:undefined":61,"s:270:4:270:Infinity":113,"s:270:19:270:Infinity":114,"s:274:14:274:Infinity":115,"b:275:2:286:Infinity:277:9:286:Infinity":62,"s:275:2:286:Infinity":116,"s:276:4:276:Infinity":117,"s:279:6:281:Infinity":118,"b:279:6:279:Infinity:280:6:280:Infinity:281:6:281:Infinity":63,"b:283:4:285:Infinity:undefined:undefined:undefined:undefined":64,"s:283:4:285:Infinity":119,"s:284:6:284:Infinity":120,"s:288:2:288:Infinity":121,"f:294:16:294:31":10,"s:295:2:295:Infinity":122,"f:301:16:301:33":11,"s:302:2:305:Infinity":123}}}
,"/home/igor/Projetos/estagios-dash/estagios-dashboard/lib/utils.ts": {"path":"/home/igor/Projetos/estagios-dash/estagios-dashboard/lib/utils.ts","statementMap":{"0":{"start":{"line":5,"column":2},"end":{"line":5,"column":null}},"1":{"start":{"line":17,"column":2},"end":{"line":17,"column":null}},"2":{"start":{"line":17,"column":23},"end":{"line":17,"column":null}},"3":{"start":{"line":18,"column":2},"end":{"line":18,"column":null}},"4":{"start":{"line":18,"column":23},"end":{"line":18,"column":null}},"5":{"start":{"line":19,"column":2},"end":{"line":19,"column":null}},"6":{"start":{"line":19,"column":23},"end":{"line":19,"column":null}},"7":{"start":{"line":20,"column":2},"end":{"line":20,"column":null}},"8":{"start":{"line":20,"column":24},"end":{"line":20,"column":null}},"9":{"start":{"line":21,"column":2},"end":{"line":21,"column":null}},"10":{"start":{"line":33,"column":2},"end":{"line":33,"column":null}},"11":{"start":{"line":33,"column":23},"end":{"line":33,"column":null}},"12":{"start":{"line":34,"column":2},"end":{"line":34,"column":null}},"13":{"start":{"line":34,"column":23},"end":{"line":34,"column":null}},"14":{"start":{"line":35,"column":2},"end":{"line":35,"column":null}},"15":{"start":{"line":35,"column":23},"end":{"line":35,"column":null}},"16":{"start":{"line":36,"column":2},"end":{"line":36,"column":null}},"17":{"start":{"line":36,"column":24},"end":{"line":36,"column":null}},"18":{"start":{"line":37,"column":2},"end":{"line":37,"column":null}},"19":{"start":{"line":44,"column":2},"end":{"line":46,"column":null}},"20":{"start":{"line":45,"column":4},"end":{"line":45,"column":null}},"21":{"start":{"line":47,"column":2},"end":{"line":47,"column":null}}},"fnMap":{"0":{"name":"cn","decl":{"start":{"line":4,"column":16},"end":{"line":4,"column":22}},"loc":{"start":{"line":4,"column":44},"end":{"line":6,"column":null}},"line":4},"1":{"name":"getMetaProgressColor","decl":{"start":{"line":16,"column":16},"end":{"line":16,"column":37}},"loc":{"start":{"line":16,"column":65},"end":{"line":22,"column":null}},"line":16},"2":{"name":"getMetaTextColor","decl":{"start":{"line":32,"column":16},"end":{"line":32,"column":33}},"loc":{"start":{"line":32,"column":61},"end":{"line":38,"column":null}},"line":32},"3":{"name":"getMetaCompletionEffects","decl":{"start":{"line":43,"column":16},"end":{"line":43,"column":41}},"loc":{"start":{"line":43,"column":69},"end":{"line":48,"column":null}},"line":43}},"branchMap":{"0":{"loc":{"start":{"line":17,"column":2},"end":{"line":17,"column":null}},"type":"if","locations":[{"start":{"line":17,"column":2},"end":{"line":17,"column":null}},{"start":{},"end":{}}],"line":17},"1":{"loc":{"start":{"line":18,"column":2},"end":{"line":18,"column":null}},"type":"if","locations":[{"start":{"line":18,"column":2},"end":{"line":18,"column":null}},{"start":{},"end":{}}],"line":18},"2":{"loc":{"start":{"line":19,"column":2},"end":{"line":19,"column":null}},"type":"if","locations":[{"start":{"line":19,"column":2},"end":{"line":19,"column":null}},{"start":{},"end":{}}],"line":19},"3":{"loc":{"start":{"line":20,"column":2},"end":{"line":20,"column":null}},"type":"if","locations":[{"start":{"line":20,"column":2},"end":{"line":20,"column":null}},{"start":{},"end":{}}],"line":20},"4":{"loc":{"start":{"line":33,"column":2},"end":{"line":33,"column":null}},"type":"if","locations":[{"start":{"line":33,"column":2},"end":{"line":33,"column":null}},{"start":{},"end":{}}],"line":33},"5":{"loc":{"start":{"line":34,"column":2},"end":{"line":34,"column":null}},"type":"if","locations":[{"start":{"line":34,"column":2},"end":{"line":34,"column":null}},{"start":{},"end":{}}],"line":34},"6":{"loc":{"start":{"line":35,"column":2},"end":{"line":35,"column":null}},"type":"if","locations":[{"start":{"line":35,"column":2},"end":{"line":35,"column":null}},{"start":{},"end":{}}],"line":35},"7":{"loc":{"start":{"line":36,"column":2},"end":{"line":36,"column":null}},"type":"if","locations":[{"start":{"line":36,"column":2},"end":{"line":36,"column":null}},{"start":{},"end":{}}],"line":36},"8":{"loc":{"start":{"line":44,"column":2},"end":{"line":46,"column":null}},"type":"if","locations":[{"start":{"line":44,"column":2},"end":{"line":46,"column":null}},{"start":{},"end":{}}],"line":44}},"s":{"0":9,"1":14,"2":3,"3":11,"4":3,"5":8,"6":3,"7":5,"8":3,"9":2,"10":10,"11":2,"12":8,"13":8,"14":6,"15":6,"16":4,"17":4,"18":2,"19":5,"20":2,"21":3},"f":{"0":9,"1":14,"2":10,"3":5},"b":{"0":[3,11],"1":[3,8],"2":[3,5],"3":[3,2],"4":[2,8],"5":[2,6],"6":[2,4],"7":[2,2],"8":[2,3]},"meta":{"lastBranch":9,"lastFunction":4,"lastStatement":22,"seen":{"f:4:16:4:22":0,"s:5:2:5:Infinity":0,"f:16:16:16:37":1,"b:17:2:17:Infinity:undefined:undefined:undefined:undefined":0,"s:17:2:17:Infinity":1,"s:17:23:17:Infinity":2,"b:18:2:18:Infinity:undefined:undefined:undefined:undefined":1,"s:18:2:18:Infinity":3,"s:18:23:18:Infinity":4,"b:19:2:19:Infinity:undefined:undefined:undefined:undefined":2,"s:19:2:19:Infinity":5,"s:19:23:19:Infinity":6,"b:20:2:20:Infinity:undefined:undefined:undefined:undefined":3,"s:20:2:20:Infinity":7,"s:20:24:20:Infinity":8,"s:21:2:21:Infinity":9,"f:32:16:32:33":2,"b:33:2:33:Infinity:undefined:undefined:undefined:undefined":4,"s:33:2:33:Infinity":10,"s:33:23:33:Infinity":11,"b:34:2:34:Infinity:undefined:undefined:undefined:undefined":5,"s:34:2:34:Infinity":12,"s:34:23:34:Infinity":13,"b:35:2:35:Infinity:undefined:undefined:undefined:undefined":6,"s:35:2:35:Infinity":14,"s:35:23:35:Infinity":15,"b:36:2:36:Infinity:undefined:undefined:undefined:undefined":7,"s:36:2:36:Infinity":16,"s:36:24:36:Infinity":17,"s:37:2:37:Infinity":18,"f:43:16:43:41":3,"b:44:2:46:Infinity:undefined:undefined:undefined:undefined":8,"s:44:2:46:Infinity":19,"s:45:4:45:Infinity":20,"s:47:2:47:Infinity":21}}}
}
